<?xml version="1.0" encoding="UTF-8" ?>
<testsuite errors="0" failures="0" hostname="L090047.local" name="org.grails.paypal.PaypalControllerTests" tests="5" time="0.493" timestamp="2009-05-18T02:57:11">
  <properties />
  <testcase classname="org.grails.paypal.PaypalControllerTests" name="testBuyInvalidPayment" time="0.12" />
  <testcase classname="org.grails.paypal.PaypalControllerTests" name="testBuyValidPayment" time="0.199" />
  <testcase classname="org.grails.paypal.PaypalControllerTests" name="testUploadCartNoShipping" time="0.078" />
  <testcase classname="org.grails.paypal.PaypalControllerTests" name="testUploadCartValidPayment" time="0.041" />
  <testcase classname="org.grails.paypal.PaypalControllerTests" name="testUploadCartWithShippingAddress" time="0.04" />
  <system-out><![CDATA[--Output from testBuyInvalidPayment--
--Output from testBuyValidPayment--
--Output from testUploadCartNoShipping--
--Output from testUploadCartValidPayment--
--Output from testUploadCartWithShippingAddress--
]]></system-out>
  <system-err><![CDATA[--Output from testBuyInvalidPayment--
--Output from testBuyValidPayment--
--Output from testUploadCartNoShipping--
--Output from testUploadCartValidPayment--
--Output from testUploadCartWithShippingAddress--
]]></system-err>
</testsuite>
