<?xml version="1.0" encoding="UTF-8" ?>
<testsuite errors="0" failures="0" hostname="L090047.local" name="PaymentItemTests" tests="1" time="0.248" timestamp="2009-05-18T02:56:55">
  <properties />
  <testcase classname="PaymentItemTests" name="testSomething" time="0.248" />
  <system-out><![CDATA[--Output from testSomething--
]]></system-out>
  <system-err><![CDATA[--Output from testSomething--
]]></system-err>
</testsuite>
