<?xml version="1.0" encoding="UTF-8" ?>
<testsuite errors="0" failures="0" hostname="A38103.local" name="org.grails.paypal.PaymentTests" tests="1" time="1.345" timestamp="2009-05-02T05:34:17">
  <properties />
  <testcase classname="org.grails.paypal.PaymentTests" name="testValidatePayment" time="1.256" />
  <system-out><![CDATA[--Output from testValidatePayment--
]]></system-out>
  <system-err><![CDATA[--Output from testValidatePayment--
]]></system-err>
</testsuite>
